This is pdfTeX, Version 3.14159265-2.6-1.40.18 (MiKTeX 2.9.6500 64-bit) (preloaded format=pdflatex 2017.12.20)  12 JAN 2018 09:51
entering extended mode
**C:/Users/Dell/Desktop/paper1/business.tex
(C:/Users/Dell/Desktop/paper1/business.tex
LaTeX2e <2017-04-15>
Babel <3.15> and hyphenation patterns for 75 language(s) loaded.
(IEEEtran.cls
Document Class: IEEEtran 2015/08/26 V1.8b by Michael Shell
-- See the "IEEEtran_HOWTO" manual for usage information.
-- http://www.michaelshell.org/tex/ieeetran/
\@IEEEtrantmpdimenA=\dimen102
\@IEEEtrantmpdimenB=\dimen103
\@IEEEtrantmpdimenC=\dimen104
\@IEEEtrantmpcountA=\count79
\@IEEEtrantmpcountB=\count80
\@IEEEtrantmpcountC=\count81
\@IEEEtrantmptoksA=\toks14
LaTeX Font Info:    Try loading font information for OT1+ptm on input line 503.

("D:\Latex\MiKTeX 2.9\tex\latex\psnfss\ot1ptm.fd"
File: ot1ptm.fd 2001/06/04 font definitions for OT1/ptm.
)
-- Using 8.5in x 11in (letter) paper.
-- Using PDF output.
\@IEEEnormalsizeunitybaselineskip=\dimen105
-- This is a 10 point document.
\CLASSINFOnormalsizebaselineskip=\dimen106
\CLASSINFOnormalsizeunitybaselineskip=\dimen107
\IEEEnormaljot=\dimen108
LaTeX Font Info:    Font shape `OT1/ptm/bx/n' in size <5> not available
(Font)              Font shape `OT1/ptm/b/n' tried instead on input line 1090.
LaTeX Font Info:    Font shape `OT1/ptm/bx/it' in size <5> not available
(Font)              Font shape `OT1/ptm/b/it' tried instead on input line 1090.

LaTeX Font Info:    Font shape `OT1/ptm/bx/n' in size <7> not available
(Font)              Font shape `OT1/ptm/b/n' tried instead on input line 1090.
LaTeX Font Info:    Font shape `OT1/ptm/bx/it' in size <7> not available
(Font)              Font shape `OT1/ptm/b/it' tried instead on input line 1090.

LaTeX Font Info:    Font shape `OT1/ptm/bx/n' in size <8> not available
(Font)              Font shape `OT1/ptm/b/n' tried instead on input line 1090.
LaTeX Font Info:    Font shape `OT1/ptm/bx/it' in size <8> not available
(Font)              Font shape `OT1/ptm/b/it' tried instead on input line 1090.

LaTeX Font Info:    Font shape `OT1/ptm/bx/n' in size <9> not available
(Font)              Font shape `OT1/ptm/b/n' tried instead on input line 1090.
LaTeX Font Info:    Font shape `OT1/ptm/bx/it' in size <9> not available
(Font)              Font shape `OT1/ptm/b/it' tried instead on input line 1090.

LaTeX Font Info:    Font shape `OT1/ptm/bx/n' in size <10> not available
(Font)              Font shape `OT1/ptm/b/n' tried instead on input line 1090.
LaTeX Font Info:    Font shape `OT1/ptm/bx/it' in size <10> not available
(Font)              Font shape `OT1/ptm/b/it' tried instead on input line 1090.

LaTeX Font Info:    Font shape `OT1/ptm/bx/n' in size <11> not available
(Font)              Font shape `OT1/ptm/b/n' tried instead on input line 1090.
LaTeX Font Info:    Font shape `OT1/ptm/bx/it' in size <11> not available
(Font)              Font shape `OT1/ptm/b/it' tried instead on input line 1090.

LaTeX Font Info:    Font shape `OT1/ptm/bx/n' in size <12> not available
(Font)              Font shape `OT1/ptm/b/n' tried instead on input line 1090.
LaTeX Font Info:    Font shape `OT1/ptm/bx/it' in size <12> not available
(Font)              Font shape `OT1/ptm/b/it' tried instead on input line 1090.

LaTeX Font Info:    Font shape `OT1/ptm/bx/n' in size <17> not available
(Font)              Font shape `OT1/ptm/b/n' tried instead on input line 1090.
LaTeX Font Info:    Font shape `OT1/ptm/bx/it' in size <17> not available
(Font)              Font shape `OT1/ptm/b/it' tried instead on input line 1090.

LaTeX Font Info:    Font shape `OT1/ptm/bx/n' in size <20> not available
(Font)              Font shape `OT1/ptm/b/n' tried instead on input line 1090.
LaTeX Font Info:    Font shape `OT1/ptm/bx/it' in size <20> not available
(Font)              Font shape `OT1/ptm/b/it' tried instead on input line 1090.

LaTeX Font Info:    Font shape `OT1/ptm/bx/n' in size <24> not available
(Font)              Font shape `OT1/ptm/b/n' tried instead on input line 1090.
LaTeX Font Info:    Font shape `OT1/ptm/bx/it' in size <24> not available
(Font)              Font shape `OT1/ptm/b/it' tried instead on input line 1090.

\IEEEquantizedlength=\dimen109
\IEEEquantizedlengthdiff=\dimen110
\IEEEquantizedtextheightdiff=\dimen111
\IEEEilabelindentA=\dimen112
\IEEEilabelindentB=\dimen113
\IEEEilabelindent=\dimen114
\IEEEelabelindent=\dimen115
\IEEEdlabelindent=\dimen116
\IEEElabelindent=\dimen117
\IEEEiednormlabelsep=\dimen118
\IEEEiedmathlabelsep=\dimen119
\IEEEiedtopsep=\skip41
\c@section=\count82
\c@subsection=\count83
\c@subsubsection=\count84
\c@paragraph=\count85
\c@IEEEsubequation=\count86
\abovecaptionskip=\skip42
\belowcaptionskip=\skip43
\c@figure=\count87
\c@table=\count88
\@IEEEeqnnumcols=\count89
\@IEEEeqncolcnt=\count90
\@IEEEsubeqnnumrollback=\count91
\@IEEEquantizeheightA=\dimen120
\@IEEEquantizeheightB=\dimen121
\@IEEEquantizeheightC=\dimen122
\@IEEEquantizeprevdepth=\dimen123
\@IEEEquantizemultiple=\count92
\@IEEEquantizeboxA=\box26
\@IEEEtmpitemindent=\dimen124
\IEEEPARstartletwidth=\dimen125
\c@IEEEbiography=\count93
\@IEEEtranrubishbin=\box27
) ("D:\Latex\MiKTeX 2.9\tex\latex\cite\cite.sty"
LaTeX Info: Redefining \cite on input line 302.
LaTeX Info: Redefining \nocite on input line 332.
Package: cite 2015/02/27  v 5.5
)
("D:\Latex\MiKTeX 2.9\tex\latex\graphics\graphicx.sty"
Package: graphicx 2017/06/01 v1.1a Enhanced LaTeX Graphics (DPC,SPQR)

("D:\Latex\MiKTeX 2.9\tex\latex\graphics\keyval.sty"
Package: keyval 2014/10/28 v1.15 key=value parser (DPC)
\KV@toks@=\toks15
)
("D:\Latex\MiKTeX 2.9\tex\latex\graphics\graphics.sty"
Package: graphics 2017/06/25 v1.2c Standard LaTeX Graphics (DPC,SPQR)

("D:\Latex\MiKTeX 2.9\tex\latex\graphics\trig.sty"
Package: trig 2016/01/03 v1.10 sin cos tan (DPC)
)
("D:\Latex\MiKTeX 2.9\tex\latex\graphics-cfg\graphics.cfg"
File: graphics.cfg 2016/06/04 v1.11 sample graphics configuration
)
Package graphics Info: Driver file: pdftex.def on input line 99.

("D:\Latex\MiKTeX 2.9\tex\latex\graphics-def\pdftex.def"
File: pdftex.def 2017/06/24 v1.0g Graphics/color driver for pdftex
))
\Gin@req@height=\dimen126
\Gin@req@width=\dimen127
) (business.aux)
\openout1 = `business.aux'.

LaTeX Font Info:    Checking defaults for OML/cmm/m/it on input line 309.
LaTeX Font Info:    ... okay on input line 309.
LaTeX Font Info:    Checking defaults for T1/cmr/m/n on input line 309.
LaTeX Font Info:    ... okay on input line 309.
LaTeX Font Info:    Checking defaults for OT1/cmr/m/n on input line 309.
LaTeX Font Info:    ... okay on input line 309.
LaTeX Font Info:    Checking defaults for OMS/cmsy/m/n on input line 309.
LaTeX Font Info:    ... okay on input line 309.
LaTeX Font Info:    Checking defaults for OMX/cmex/m/n on input line 309.
LaTeX Font Info:    ... okay on input line 309.
LaTeX Font Info:    Checking defaults for U/cmr/m/n on input line 309.
LaTeX Font Info:    ... okay on input line 309.

-- Lines per column: 58 (exact).
("D:\Latex\MiKTeX 2.9\tex\context\base\supp-pdf.mkii"
[Loading MPS to PDF converter (version 2006.09.02).]
\scratchcounter=\count94
\scratchdimen=\dimen128
\scratchbox=\box28
\nofMPsegments=\count95
\nofMParguments=\count96
\everyMPshowfont=\toks16
\MPscratchCnt=\count97
\MPscratchDim=\dimen129
\MPnumerator=\count98
\makeMPintoPDFobject=\count99
\everyMPtoPDFconversion=\toks17
) ("D:\Latex\MiKTeX 2.9\tex\latex\oberdiek\epstopdf-base.sty"
Package: epstopdf-base 2016/05/15 v2.6 Base part for package epstopdf

("D:\Latex\MiKTeX 2.9\tex\generic\oberdiek\infwarerr.sty"
Package: infwarerr 2016/05/16 v1.4 Providing info/warning/error messages (HO)
)
("D:\Latex\MiKTeX 2.9\tex\latex\oberdiek\grfext.sty"
Package: grfext 2016/05/16 v1.2 Manage graphics extensions (HO)

("D:\Latex\MiKTeX 2.9\tex\generic\oberdiek\kvdefinekeys.sty"
Package: kvdefinekeys 2016/05/16 v1.4 Define keys (HO)

("D:\Latex\MiKTeX 2.9\tex\generic\oberdiek\ltxcmds.sty"
Package: ltxcmds 2016/05/16 v1.23 LaTeX kernel commands for general use (HO)
)))
("D:\Latex\MiKTeX 2.9\tex\latex\oberdiek\kvoptions.sty"
Package: kvoptions 2016/05/16 v3.12 Key value format for package options (HO)

("D:\Latex\MiKTeX 2.9\tex\generic\oberdiek\kvsetkeys.sty"
Package: kvsetkeys 2016/05/16 v1.17 Key value parser (HO)

("D:\Latex\MiKTeX 2.9\tex\generic\oberdiek\etexcmds.sty"
Package: etexcmds 2016/05/16 v1.6 Avoid name clashes with e-TeX commands (HO)

("D:\Latex\MiKTeX 2.9\tex\generic\oberdiek\ifluatex.sty"
Package: ifluatex 2016/05/16 v1.4 Provides the ifluatex switch (HO)
Package ifluatex Info: LuaTeX not detected.
)
Package etexcmds Info: Could not find \expanded.
(etexcmds)             That can mean that you are not using pdfTeX 1.50 or
(etexcmds)             that some package has redefined \expanded.
(etexcmds)             In the latter case, load this package earlier.
)))
("D:\Latex\MiKTeX 2.9\tex\generic\oberdiek\pdftexcmds.sty"
Package: pdftexcmds 2017/03/19 v0.25 Utility functions of pdfTeX for LuaTeX (HO
)

("D:\Latex\MiKTeX 2.9\tex\generic\oberdiek\ifpdf.sty"
Package: ifpdf 2017/03/15 v3.2 Provides the ifpdf switch
)
Package pdftexcmds Info: LuaTeX not detected.
Package pdftexcmds Info: \pdf@primitive is available.
Package pdftexcmds Info: \pdf@ifprimitive is available.
Package pdftexcmds Info: \pdfdraftmode found.
)
Package epstopdf-base Info: Redefining graphics rule for `.eps' on input line 4
38.
Package grfext Info: Graphics extension search list:
(grfext)             [.pdf,.jpeg,.png,.eps]
(grfext)             \AppendGraphicsExtensions on input line 456.
)
LaTeX Font Info:    Calculating math sizes for size <11> on input line 379.
LaTeX Font Info:    External font `cmex10' loaded for size
(Font)              <11> on input line 379.
LaTeX Font Info:    External font `cmex10' loaded for size
(Font)              <7.69997> on input line 379.
LaTeX Font Info:    External font `cmex10' loaded for size
(Font)              <5.5> on input line 379.
LaTeX Font Info:    External font `cmex10' loaded for size
(Font)              <8> on input line 379.
LaTeX Font Info:    External font `cmex10' loaded for size
(Font)              <6> on input line 379.
LaTeX Font Info:    External font `cmex10' loaded for size
(Font)              <5> on input line 379.
<figure1.png, id=1, 3071.475pt x 799.48688pt>
File: figure1.png Graphic file (type png)
<use figure1.png>
Package pdftex.def Info: figure1.png  used on input line 428. on input line 428
.
Package pdftex.def Info: Requested size: 478.79846pt x 124.62672pt on input lin
e 428.
LaTeX Font Info:    External font `cmex10' loaded for size
(Font)              <7> on input line 436.
 [1{C:/ProgramData/MiKTeX/2.9/pdftex/config/pdftex.map}


]
Missing character: There is no â in font ptmr7t!
Missing character: There is no € in font ptmr7t!
Missing character: There is no ™ in font ptmr7t!
Missing character: There is no â in font ptmr7t!
Missing character: There is no € in font ptmr7t!
Missing character: There is no ™ in font ptmr7t!
 [2 <./figure1.png

pdfTeX warning: pdflatex (file ./figure1.png): large interlaced PNG might cause
 out of memory (use non-interlaced PNG to fix this)
>]
<figure2.png, id=17, 588.69937pt x 387.69844pt>
File: figure2.png Graphic file (type png)
<use figure2.png>
Package pdftex.def Info: figure2.png  used on input line 495. on input line 495
.
Package pdftex.def Info: Requested size: 252.0pt x 165.96169pt on input line 49
5.
 [3 <./figure2.png>] [4]
<figure5.png, id=32, 505.89pt x 365.86688pt>
File: figure5.png Graphic file (type png)
<use figure5.png>
Package pdftex.def Info: figure5.png  used on input line 569. on input line 569
.
Package pdftex.def Info: Requested size: 252.0pt x 182.25189pt on input line 56
9.
<figure4.png, id=33, 819.06pt x 504.9264pt>
File: figure4.png Graphic file (type png)
<use figure4.png>
Package pdftex.def Info: figure4.png  used on input line 628. on input line 628
.
Package pdftex.def Info: Requested size: 453.60077pt x 279.63652pt on input lin
e 628.
<figure6.png, id=34, 666.99188pt x 254.45062pt>
File: figure6.png Graphic file (type png)
<use figure6.png>
Package pdftex.def Info: figure6.png  used on input line 655. on input line 655
.
Package pdftex.def Info: Requested size: 252.0pt x 96.13313pt on input line 655
.
 [5 <./figure5.png>]
<figure7.png, id=38, 654.19406pt x 276.28218pt>
File: figure7.png Graphic file (type png)
<use figure7.png>
Package pdftex.def Info: figure7.png  used on input line 683. on input line 683
.
Package pdftex.def Info: Requested size: 252.0pt x 106.42587pt on input line 68
3.
<figure8.png, id=39, 648.17157pt x 231.11343pt>
File: figure8.png Graphic file (type png)
<use figure8.png>
Package pdftex.def Info: figure8.png  used on input line 692. on input line 692
.
Package pdftex.def Info: Requested size: 252.0pt x 89.85527pt on input line 692
.
 [6 <./figure4.png> <./figure6.png> <./figure7.png>]
<figure9.png, id=46, 953.0004pt x 353.6412pt>
File: figure9.png Graphic file (type png)
<use figure9.png>
Package pdftex.def Info: figure9.png  used on input line 707. on input line 707
.
Package pdftex.def Info: Requested size: 252.0pt x 93.50941pt on input line 707
.
<figure10.png, id=47, 897.3525pt x 463.7325pt>
File: figure10.png Graphic file (type png)
<use figure10.png>
Package pdftex.def Info: figure10.png  used on input line 750. on input line 75
0.
Package pdftex.def Info: Requested size: 252.0pt x 130.2263pt on input line 750
.
 [7 <./figure8.png> <./figure9.png> <./figure10.png>]
<figure11.png, id=55, 903.375pt x 439.8834pt>
File: figure11.png Graphic file (type png)
<use figure11.png>
Package pdftex.def Info: figure11.png  used on input line 769. on input line 76
9.
Package pdftex.def Info: Requested size: 252.0pt x 122.70337pt on input line 76
9.
<figure12.png, id=56, 629.35126pt x 380.92313pt>
File: figure12.png Graphic file (type png)
<use figure12.png>
Package pdftex.def Info: figure12.png  used on input line 778. on input line 77
8.
Package pdftex.def Info: Requested size: 252.0pt x 152.52347pt on input line 77
8.

Underfull \vbox (badness 6188) has occurred while \output is active []


(business.bbl
Missing character: There is no Â in font ptmr7t!
Missing character: There is no º in font ptmr7t!
 [8 <./figure11.png> <./figure12.png>]
Missing character: There is no Ã in font ptmr7t!
Missing character: There is no ³ in font ptmr7t!
Missing character: There is no â in font ptmr7t!
Missing character: There is no ˜ in font ptmr7t!
Missing character: There is no † in font ptmr7t!
) [9

] (business.aux) ) 
Here is how much of TeX's memory you used:
 2475 strings out of 493312
 39944 string characters out of 3144113
 105494 words of memory out of 3000000
 5999 multiletter control sequences out of 15000+200000
 44521 words of font info for 81 fonts, out of 3000000 for 9000
 1144 hyphenation exceptions out of 8191
 41i,8n,27p,1255b,321s stack positions out of 5000i,500n,10000p,200000b,50000s
{D:/Latex/MiKTeX 2.9/fonts/enc/dvips/base/8r.enc}<D:/Latex/Mi
KTeX 2.9/fonts/type1/public/amsfonts/cm/cmex10.pfb><D:/Latex/MiKTeX 2.9/fonts/t
ype1/public/amsfonts/cm/cmmi10.pfb><D:/Latex/MiKTeX 2.9/fonts/type1/public/amsf
onts/cm/cmmi5.pfb><D:/Latex/MiKTeX 2.9/fonts/type1/public/amsfonts/cm/cmmi7.pfb
><D:/Latex/MiKTeX 2.9/fonts/type1/public/amsfonts/cm/cmr10.pfb><D:/Latex/MiKTeX
 2.9/fonts/type1/public/amsfonts/cm/cmr7.pfb><D:/Latex/MiKTeX 2.9/fonts/type1/p
ublic/amsfonts/cm/cmsy10.pfb><D:/Latex/MiKTeX 2.9/fonts/type1/public/amsfonts/c
m/cmsy7.pfb><D:/Latex/MiKTeX 2.9/fonts/type1/public/amsfonts/cm/cmsy8.pfb><D:/L
atex/MiKTeX 2.9/fonts/type1/urw/times/utmb8a.pfb><D:/Latex/MiKTeX 2.9/fonts/typ
e1/urw/times/utmbi8a.pfb><D:/Latex/MiKTeX 2.9/fonts/type1/urw/times/utmr8a.pfb>
<D:/Latex/MiKTeX 2.9/fonts/type1/urw/times/utmri8a.pfb>
Output written on business.pdf (9 pages, 8687754 bytes).
PDF statistics:
 107 PDF objects out of 1000 (max. 8388607)
 0 named destinations out of 1000 (max. 500000)
 56 words of extra memory for PDF output out of 10000 (max. 10000000)

